[2017-01-24 22:28:12] production.ERROR: RuntimeException: The only supported ciphers are AES-128-CBC and AES-256-CBC with the correct key lengths. in /home/vagrant/Code/blog/bootstrap/cache/compiled.php:13496
Stack trace:
#0 /home/vagrant/Code/blog/bootstrap/cache/compiled.php(7910): Illuminate\Encryption\Encrypter->__construct('', 'AES-256-CBC')
#1 /home/vagrant/Code/blog/bootstrap/cache/compiled.php(1477): Illuminate\Encryption\EncryptionServiceProvider->Illuminate\Encryption\{closure}(Object(Illuminate\Foundation\Application), Array)
#2 /home/vagrant/Code/blog/bootstrap/cache/compiled.php(1433): Illuminate\Container\Container->build(Object(Closure), Array)
#3 /home/vagrant/Code/blog/bootstrap/cache/compiled.php(2011): Illuminate\Container\Container->make('encrypter', Array)
#4 /home/vagrant/Code/blog/bootstrap/cache/compiled.php(1534): Illuminate\Foundation\Application->make('encrypter')
#5 /home/vagrant/Code/blog/bootstrap/cache/compiled.php(1511): Illuminate\Container\Container->resolveClass(Object(ReflectionParameter))
#6 /home/vagrant/Code/blog/bootstrap/cache/compiled.php(1497): Illuminate\Container\Container->getDependencies(Array, Array)
#7 /home/vagrant/Code/blog/bootstrap/cache/compiled.php(1433): Illuminate\Container\Container->build('App\\Http\\Middle...', Array)
#8 /home/vagrant/Code/blog/bootstrap/cache/compiled.php(2011): Illuminate\Container\Container->make('App\\Http\\Middle...', Array)
#9 /home/vagrant/Code/blog/bootstrap/cache/compiled.php(10047): Illuminate\Foundation\Application->make('App\\Http\\Middle...')
#10 /home/vagrant/Code/blog/vendor/laravel/framework/src/Illuminate/Routing/Pipeline.php(33): Illuminate\Pipeline\Pipeline->Illuminate\Pipeline\{closure}(Object(Illuminate\Http\Request))
#11 /home/vagrant/Code/blog/bootstrap/cache/compiled.php(10037): Illuminate\Routing\Pipeline->Illuminate\Routing\{closure}(Object(Illuminate\Http\Request))
#12 /home/vagrant/Code/blog/bootstrap/cache/compiled.php(8339): Illuminate\Pipeline\Pipeline->then(Object(Closure))
#13 /home/vagrant/Code/blog/bootstrap/cache/compiled.php(8330): Illuminate\Routing\Router->runRouteWithinStack(Object(Illuminate\Routing\Route), Object(Illuminate\Http\Request))
#14 /home/vagrant/Code/blog/bootstrap/cache/compiled.php(8321): Illuminate\Routing\Router->dispatchToRoute(Object(Illuminate\Http\Request))
#15 /home/vagrant/Code/blog/bootstrap/cache/compiled.php(2575): Illuminate\Routing\Router->dispatch(Object(Illuminate\Http\Request))
#16 /home/vagrant/Code/blog/vendor/laravel/framework/src/Illuminate/Routing/Pipeline.php(53): Illuminate\Foundation\Http\Kernel->Illuminate\Foundation\Http\{closure}(Object(Illuminate\Http\Request))
#17 /home/vagrant/Code/blog/bootstrap/cache/compiled.php(3371): Illuminate\Routing\Pipeline->Illuminate\Routing\{closure}(Object(Illuminate\Http\Request))
#18 /home/vagrant/Code/blog/bootstrap/cache/compiled.php(10052): Illuminate\Foundation\Http\Middleware\CheckForMaintenanceMode->handle(Object(Illuminate\Http\Request), Object(Closure))
#19 /home/vagrant/Code/blog/vendor/laravel/framework/src/Illuminate/Routing/Pipeline.php(33): Illuminate\Pipeline\Pipeline->Illuminate\Pipeline\{closure}(Object(Illuminate\Http\Request))
#20 /home/vagrant/Code/blog/bootstrap/cache/compiled.php(10037): Illuminate\Routing\Pipeline->Illuminate\Routing\{closure}(Object(Illuminate\Http\Request))
#21 /home/vagrant/Code/blog/bootstrap/cache/compiled.php(2519): Illuminate\Pipeline\Pipeline->then(Object(Closure))
#22 /home/vagrant/Code/blog/bootstrap/cache/compiled.php(2503): Illuminate\Foundation\Http\Kernel->sendRequestThroughRouter(Object(Illuminate\Http\Request))
#23 /home/vagrant/Code/blog/public/index.php(53): Illuminate\Foundation\Http\Kernel->handle(Object(Illuminate\Http\Request))
#24 {main}  
[2017-01-24 22:28:12] production.ERROR: RuntimeException: The only supported ciphers are AES-128-CBC and AES-256-CBC with the correct key lengths. in /home/vagrant/Code/blog/bootstrap/cache/compiled.php:13496
Stack trace:
#0 /home/vagrant/Code/blog/bootstrap/cache/compiled.php(7910): Illuminate\Encryption\Encrypter->__construct('', 'AES-256-CBC')
#1 /home/vagrant/Code/blog/bootstrap/cache/compiled.php(1477): Illuminate\Encryption\EncryptionServiceProvider->Illuminate\Encryption\{closure}(Object(Illuminate\Foundation\Application), Array)
#2 /home/vagrant/Code/blog/bootstrap/cache/compiled.php(1433): Illuminate\Container\Container->build(Object(Closure), Array)
#3 /home/vagrant/Code/blog/bootstrap/cache/compiled.php(2011): Illuminate\Container\Container->make('encrypter', Array)
#4 /home/vagrant/Code/blog/bootstrap/cache/compiled.php(1534): Illuminate\Foundation\Application->make('encrypter')
#5 /home/vagrant/Code/blog/bootstrap/cache/compiled.php(1511): Illuminate\Container\Container->resolveClass(Object(ReflectionParameter))
#6 /home/vagrant/Code/blog/bootstrap/cache/compiled.php(1497): Illuminate\Container\Container->getDependencies(Array, Array)
#7 /home/vagrant/Code/blog/bootstrap/cache/compiled.php(1433): Illuminate\Container\Container->build('App\\Http\\Middle...', Array)
#8 /home/vagrant/Code/blog/bootstrap/cache/compiled.php(2011): Illuminate\Container\Container->make('App\\Http\\Middle...', Array)
#9 /home/vagrant/Code/blog/bootstrap/cache/compiled.php(2529): Illuminate\Foundation\Application->make('App\\Http\\Middle...')
#10 /home/vagrant/Code/blog/public/index.php(58): Illuminate\Foundation\Http\Kernel->terminate(Object(Illuminate\Http\Request), Object(Illuminate\Http\Response))
#11 {main}  
[2017-01-24 22:28:20] production.ERROR: RuntimeException: The only supported ciphers are AES-128-CBC and AES-256-CBC with the correct key lengths. in /home/vagrant/Code/blog/bootstrap/cache/compiled.php:13496
Stack trace:
#0 /home/vagrant/Code/blog/bootstrap/cache/compiled.php(7910): Illuminate\Encryption\Encrypter->__construct('', 'AES-256-CBC')
#1 /home/vagrant/Code/blog/bootstrap/cache/compiled.php(1477): Illuminate\Encryption\EncryptionServiceProvider->Illuminate\Encryption\{closure}(Object(Illuminate\Foundation\Application), Array)
#2 /home/vagrant/Code/blog/bootstrap/cache/compiled.php(1433): Illuminate\Container\Container->build(Object(Closure), Array)
#3 /home/vagrant/Code/blog/bootstrap/cache/compiled.php(2011): Illuminate\Container\Container->make('encrypter', Array)
#4 /home/vagrant/Code/blog/bootstrap/cache/compiled.php(1534): Illuminate\Foundation\Application->make('encrypter')
#5 /home/vagrant/Code/blog/bootstrap/cache/compiled.php(1511): Illuminate\Container\Container->resolveClass(Object(ReflectionParameter))
#6 /home/vagrant/Code/blog/bootstrap/cache/compiled.php(1497): Illuminate\Container\Container->getDependencies(Array, Array)
#7 /home/vagrant/Code/blog/bootstrap/cache/compiled.php(1433): Illuminate\Container\Container->build('App\\Http\\Middle...', Array)
#8 /home/vagrant/Code/blog/bootstrap/cache/compiled.php(2011): Illuminate\Container\Container->make('App\\Http\\Middle...', Array)
#9 /home/vagrant/Code/blog/bootstrap/cache/compiled.php(10047): Illuminate\Foundation\Application->make('App\\Http\\Middle...')
#10 /home/vagrant/Code/blog/vendor/laravel/framework/src/Illuminate/Routing/Pipeline.php(33): Illuminate\Pipeline\Pipeline->Illuminate\Pipeline\{closure}(Object(Illuminate\Http\Request))
#11 /home/vagrant/Code/blog/bootstrap/cache/compiled.php(10037): Illuminate\Routing\Pipeline->Illuminate\Routing\{closure}(Object(Illuminate\Http\Request))
#12 /home/vagrant/Code/blog/bootstrap/cache/compiled.php(8339): Illuminate\Pipeline\Pipeline->then(Object(Closure))
#13 /home/vagrant/Code/blog/bootstrap/cache/compiled.php(8330): Illuminate\Routing\Router->runRouteWithinStack(Object(Illuminate\Routing\Route), Object(Illuminate\Http\Request))
#14 /home/vagrant/Code/blog/bootstrap/cache/compiled.php(8321): Illuminate\Routing\Router->dispatchToRoute(Object(Illuminate\Http\Request))
#15 /home/vagrant/Code/blog/bootstrap/cache/compiled.php(2575): Illuminate\Routing\Router->dispatch(Object(Illuminate\Http\Request))
#16 /home/vagrant/Code/blog/vendor/laravel/framework/src/Illuminate/Routing/Pipeline.php(53): Illuminate\Foundation\Http\Kernel->Illuminate\Foundation\Http\{closure}(Object(Illuminate\Http\Request))
#17 /home/vagrant/Code/blog/bootstrap/cache/compiled.php(3371): Illuminate\Routing\Pipeline->Illuminate\Routing\{closure}(Object(Illuminate\Http\Request))
#18 /home/vagrant/Code/blog/bootstrap/cache/compiled.php(10052): Illuminate\Foundation\Http\Middleware\CheckForMaintenanceMode->handle(Object(Illuminate\Http\Request), Object(Closure))
#19 /home/vagrant/Code/blog/vendor/laravel/framework/src/Illuminate/Routing/Pipeline.php(33): Illuminate\Pipeline\Pipeline->Illuminate\Pipeline\{closure}(Object(Illuminate\Http\Request))
#20 /home/vagrant/Code/blog/bootstrap/cache/compiled.php(10037): Illuminate\Routing\Pipeline->Illuminate\Routing\{closure}(Object(Illuminate\Http\Request))
#21 /home/vagrant/Code/blog/bootstrap/cache/compiled.php(2519): Illuminate\Pipeline\Pipeline->then(Object(Closure))
#22 /home/vagrant/Code/blog/bootstrap/cache/compiled.php(2503): Illuminate\Foundation\Http\Kernel->sendRequestThroughRouter(Object(Illuminate\Http\Request))
#23 /home/vagrant/Code/blog/public/index.php(53): Illuminate\Foundation\Http\Kernel->handle(Object(Illuminate\Http\Request))
#24 {main}  
[2017-01-24 22:28:20] production.ERROR: RuntimeException: The only supported ciphers are AES-128-CBC and AES-256-CBC with the correct key lengths. in /home/vagrant/Code/blog/bootstrap/cache/compiled.php:13496
Stack trace:
#0 /home/vagrant/Code/blog/bootstrap/cache/compiled.php(7910): Illuminate\Encryption\Encrypter->__construct('', 'AES-256-CBC')
#1 /home/vagrant/Code/blog/bootstrap/cache/compiled.php(1477): Illuminate\Encryption\EncryptionServiceProvider->Illuminate\Encryption\{closure}(Object(Illuminate\Foundation\Application), Array)
#2 /home/vagrant/Code/blog/bootstrap/cache/compiled.php(1433): Illuminate\Container\Container->build(Object(Closure), Array)
#3 /home/vagrant/Code/blog/bootstrap/cache/compiled.php(2011): Illuminate\Container\Container->make('encrypter', Array)
#4 /home/vagrant/Code/blog/bootstrap/cache/compiled.php(1534): Illuminate\Foundation\Application->make('encrypter')
#5 /home/vagrant/Code/blog/bootstrap/cache/compiled.php(1511): Illuminate\Container\Container->resolveClass(Object(ReflectionParameter))
#6 /home/vagrant/Code/blog/bootstrap/cache/compiled.php(1497): Illuminate\Container\Container->getDependencies(Array, Array)
#7 /home/vagrant/Code/blog/bootstrap/cache/compiled.php(1433): Illuminate\Container\Container->build('App\\Http\\Middle...', Array)
#8 /home/vagrant/Code/blog/bootstrap/cache/compiled.php(2011): Illuminate\Container\Container->make('App\\Http\\Middle...', Array)
#9 /home/vagrant/Code/blog/bootstrap/cache/compiled.php(2529): Illuminate\Foundation\Application->make('App\\Http\\Middle...')
#10 /home/vagrant/Code/blog/public/index.php(58): Illuminate\Foundation\Http\Kernel->terminate(Object(Illuminate\Http\Request), Object(Illuminate\Http\Response))
#11 {main}  
[2017-01-24 22:28:36] production.ERROR: RuntimeException: The only supported ciphers are AES-128-CBC and AES-256-CBC with the correct key lengths. in /home/vagrant/Code/blog/bootstrap/cache/compiled.php:13496
Stack trace:
#0 /home/vagrant/Code/blog/bootstrap/cache/compiled.php(7910): Illuminate\Encryption\Encrypter->__construct('', 'AES-256-CBC')
#1 /home/vagrant/Code/blog/bootstrap/cache/compiled.php(1477): Illuminate\Encryption\EncryptionServiceProvider->Illuminate\Encryption\{closure}(Object(Illuminate\Foundation\Application), Array)
#2 /home/vagrant/Code/blog/bootstrap/cache/compiled.php(1433): Illuminate\Container\Container->build(Object(Closure), Array)
#3 /home/vagrant/Code/blog/bootstrap/cache/compiled.php(2011): Illuminate\Container\Container->make('encrypter', Array)
#4 /home/vagrant/Code/blog/bootstrap/cache/compiled.php(1534): Illuminate\Foundation\Application->make('encrypter')
#5 /home/vagrant/Code/blog/bootstrap/cache/compiled.php(1511): Illuminate\Container\Container->resolveClass(Object(ReflectionParameter))
#6 /home/vagrant/Code/blog/bootstrap/cache/compiled.php(1497): Illuminate\Container\Container->getDependencies(Array, Array)
#7 /home/vagrant/Code/blog/bootstrap/cache/compiled.php(1433): Illuminate\Container\Container->build('App\\Http\\Middle...', Array)
#8 /home/vagrant/Code/blog/bootstrap/cache/compiled.php(2011): Illuminate\Container\Container->make('App\\Http\\Middle...', Array)
#9 /home/vagrant/Code/blog/bootstrap/cache/compiled.php(10047): Illuminate\Foundation\Application->make('App\\Http\\Middle...')
#10 /home/vagrant/Code/blog/vendor/laravel/framework/src/Illuminate/Routing/Pipeline.php(33): Illuminate\Pipeline\Pipeline->Illuminate\Pipeline\{closure}(Object(Illuminate\Http\Request))
#11 /home/vagrant/Code/blog/bootstrap/cache/compiled.php(10037): Illuminate\Routing\Pipeline->Illuminate\Routing\{closure}(Object(Illuminate\Http\Request))
#12 /home/vagrant/Code/blog/bootstrap/cache/compiled.php(8339): Illuminate\Pipeline\Pipeline->then(Object(Closure))
#13 /home/vagrant/Code/blog/bootstrap/cache/compiled.php(8330): Illuminate\Routing\Router->runRouteWithinStack(Object(Illuminate\Routing\Route), Object(Illuminate\Http\Request))
#14 /home/vagrant/Code/blog/bootstrap/cache/compiled.php(8321): Illuminate\Routing\Router->dispatchToRoute(Object(Illuminate\Http\Request))
#15 /home/vagrant/Code/blog/bootstrap/cache/compiled.php(2575): Illuminate\Routing\Router->dispatch(Object(Illuminate\Http\Request))
#16 /home/vagrant/Code/blog/vendor/laravel/framework/src/Illuminate/Routing/Pipeline.php(53): Illuminate\Foundation\Http\Kernel->Illuminate\Foundation\Http\{closure}(Object(Illuminate\Http\Request))
#17 /home/vagrant/Code/blog/bootstrap/cache/compiled.php(3371): Illuminate\Routing\Pipeline->Illuminate\Routing\{closure}(Object(Illuminate\Http\Request))
#18 /home/vagrant/Code/blog/bootstrap/cache/compiled.php(10052): Illuminate\Foundation\Http\Middleware\CheckForMaintenanceMode->handle(Object(Illuminate\Http\Request), Object(Closure))
#19 /home/vagrant/Code/blog/vendor/laravel/framework/src/Illuminate/Routing/Pipeline.php(33): Illuminate\Pipeline\Pipeline->Illuminate\Pipeline\{closure}(Object(Illuminate\Http\Request))
#20 /home/vagrant/Code/blog/bootstrap/cache/compiled.php(10037): Illuminate\Routing\Pipeline->Illuminate\Routing\{closure}(Object(Illuminate\Http\Request))
#21 /home/vagrant/Code/blog/bootstrap/cache/compiled.php(2519): Illuminate\Pipeline\Pipeline->then(Object(Closure))
#22 /home/vagrant/Code/blog/bootstrap/cache/compiled.php(2503): Illuminate\Foundation\Http\Kernel->sendRequestThroughRouter(Object(Illuminate\Http\Request))
#23 /home/vagrant/Code/blog/public/index.php(53): Illuminate\Foundation\Http\Kernel->handle(Object(Illuminate\Http\Request))
#24 {main}  
[2017-01-24 22:28:36] production.ERROR: RuntimeException: The only supported ciphers are AES-128-CBC and AES-256-CBC with the correct key lengths. in /home/vagrant/Code/blog/bootstrap/cache/compiled.php:13496
Stack trace:
#0 /home/vagrant/Code/blog/bootstrap/cache/compiled.php(7910): Illuminate\Encryption\Encrypter->__construct('', 'AES-256-CBC')
#1 /home/vagrant/Code/blog/bootstrap/cache/compiled.php(1477): Illuminate\Encryption\EncryptionServiceProvider->Illuminate\Encryption\{closure}(Object(Illuminate\Foundation\Application), Array)
#2 /home/vagrant/Code/blog/bootstrap/cache/compiled.php(1433): Illuminate\Container\Container->build(Object(Closure), Array)
#3 /home/vagrant/Code/blog/bootstrap/cache/compiled.php(2011): Illuminate\Container\Container->make('encrypter', Array)
#4 /home/vagrant/Code/blog/bootstrap/cache/compiled.php(1534): Illuminate\Foundation\Application->make('encrypter')
#5 /home/vagrant/Code/blog/bootstrap/cache/compiled.php(1511): Illuminate\Container\Container->resolveClass(Object(ReflectionParameter))
#6 /home/vagrant/Code/blog/bootstrap/cache/compiled.php(1497): Illuminate\Container\Container->getDependencies(Array, Array)
#7 /home/vagrant/Code/blog/bootstrap/cache/compiled.php(1433): Illuminate\Container\Container->build('App\\Http\\Middle...', Array)
#8 /home/vagrant/Code/blog/bootstrap/cache/compiled.php(2011): Illuminate\Container\Container->make('App\\Http\\Middle...', Array)
#9 /home/vagrant/Code/blog/bootstrap/cache/compiled.php(2529): Illuminate\Foundation\Application->make('App\\Http\\Middle...')
#10 /home/vagrant/Code/blog/public/index.php(58): Illuminate\Foundation\Http\Kernel->terminate(Object(Illuminate\Http\Request), Object(Illuminate\Http\Response))
#11 {main}  
[2017-01-24 22:28:38] production.ERROR: RuntimeException: The only supported ciphers are AES-128-CBC and AES-256-CBC with the correct key lengths. in /home/vagrant/Code/blog/bootstrap/cache/compiled.php:13496
Stack trace:
#0 /home/vagrant/Code/blog/bootstrap/cache/compiled.php(7910): Illuminate\Encryption\Encrypter->__construct('', 'AES-256-CBC')
#1 /home/vagrant/Code/blog/bootstrap/cache/compiled.php(1477): Illuminate\Encryption\EncryptionServiceProvider->Illuminate\Encryption\{closure}(Object(Illuminate\Foundation\Application), Array)
#2 /home/vagrant/Code/blog/bootstrap/cache/compiled.php(1433): Illuminate\Container\Container->build(Object(Closure), Array)
#3 /home/vagrant/Code/blog/bootstrap/cache/compiled.php(2011): Illuminate\Container\Container->make('encrypter', Array)
#4 /home/vagrant/Code/blog/bootstrap/cache/compiled.php(1534): Illuminate\Foundation\Application->make('encrypter')
#5 /home/vagrant/Code/blog/bootstrap/cache/compiled.php(1511): Illuminate\Container\Container->resolveClass(Object(ReflectionParameter))
#6 /home/vagrant/Code/blog/bootstrap/cache/compiled.php(1497): Illuminate\Container\Container->getDependencies(Array, Array)
#7 /home/vagrant/Code/blog/bootstrap/cache/compiled.php(1433): Illuminate\Container\Container->build('App\\Http\\Middle...', Array)
#8 /home/vagrant/Code/blog/bootstrap/cache/compiled.php(2011): Illuminate\Container\Container->make('App\\Http\\Middle...', Array)
#9 /home/vagrant/Code/blog/bootstrap/cache/compiled.php(10047): Illuminate\Foundation\Application->make('App\\Http\\Middle...')
#10 /home/vagrant/Code/blog/vendor/laravel/framework/src/Illuminate/Routing/Pipeline.php(33): Illuminate\Pipeline\Pipeline->Illuminate\Pipeline\{closure}(Object(Illuminate\Http\Request))
#11 /home/vagrant/Code/blog/bootstrap/cache/compiled.php(10037): Illuminate\Routing\Pipeline->Illuminate\Routing\{closure}(Object(Illuminate\Http\Request))
#12 /home/vagrant/Code/blog/bootstrap/cache/compiled.php(8339): Illuminate\Pipeline\Pipeline->then(Object(Closure))
#13 /home/vagrant/Code/blog/bootstrap/cache/compiled.php(8330): Illuminate\Routing\Router->runRouteWithinStack(Object(Illuminate\Routing\Route), Object(Illuminate\Http\Request))
#14 /home/vagrant/Code/blog/bootstrap/cache/compiled.php(8321): Illuminate\Routing\Router->dispatchToRoute(Object(Illuminate\Http\Request))
#15 /home/vagrant/Code/blog/bootstrap/cache/compiled.php(2575): Illuminate\Routing\Router->dispatch(Object(Illuminate\Http\Request))
#16 /home/vagrant/Code/blog/vendor/laravel/framework/src/Illuminate/Routing/Pipeline.php(53): Illuminate\Foundation\Http\Kernel->Illuminate\Foundation\Http\{closure}(Object(Illuminate\Http\Request))
#17 /home/vagrant/Code/blog/bootstrap/cache/compiled.php(3371): Illuminate\Routing\Pipeline->Illuminate\Routing\{closure}(Object(Illuminate\Http\Request))
#18 /home/vagrant/Code/blog/bootstrap/cache/compiled.php(10052): Illuminate\Foundation\Http\Middleware\CheckForMaintenanceMode->handle(Object(Illuminate\Http\Request), Object(Closure))
#19 /home/vagrant/Code/blog/vendor/laravel/framework/src/Illuminate/Routing/Pipeline.php(33): Illuminate\Pipeline\Pipeline->Illuminate\Pipeline\{closure}(Object(Illuminate\Http\Request))
#20 /home/vagrant/Code/blog/bootstrap/cache/compiled.php(10037): Illuminate\Routing\Pipeline->Illuminate\Routing\{closure}(Object(Illuminate\Http\Request))
#21 /home/vagrant/Code/blog/bootstrap/cache/compiled.php(2519): Illuminate\Pipeline\Pipeline->then(Object(Closure))
#22 /home/vagrant/Code/blog/bootstrap/cache/compiled.php(2503): Illuminate\Foundation\Http\Kernel->sendRequestThroughRouter(Object(Illuminate\Http\Request))
#23 /home/vagrant/Code/blog/public/index.php(53): Illuminate\Foundation\Http\Kernel->handle(Object(Illuminate\Http\Request))
#24 {main}  
[2017-01-24 22:28:38] production.ERROR: RuntimeException: The only supported ciphers are AES-128-CBC and AES-256-CBC with the correct key lengths. in /home/vagrant/Code/blog/bootstrap/cache/compiled.php:13496
Stack trace:
#0 /home/vagrant/Code/blog/bootstrap/cache/compiled.php(7910): Illuminate\Encryption\Encrypter->__construct('', 'AES-256-CBC')
#1 /home/vagrant/Code/blog/bootstrap/cache/compiled.php(1477): Illuminate\Encryption\EncryptionServiceProvider->Illuminate\Encryption\{closure}(Object(Illuminate\Foundation\Application), Array)
#2 /home/vagrant/Code/blog/bootstrap/cache/compiled.php(1433): Illuminate\Container\Container->build(Object(Closure), Array)
#3 /home/vagrant/Code/blog/bootstrap/cache/compiled.php(2011): Illuminate\Container\Container->make('encrypter', Array)
#4 /home/vagrant/Code/blog/bootstrap/cache/compiled.php(1534): Illuminate\Foundation\Application->make('encrypter')
#5 /home/vagrant/Code/blog/bootstrap/cache/compiled.php(1511): Illuminate\Container\Container->resolveClass(Object(ReflectionParameter))
#6 /home/vagrant/Code/blog/bootstrap/cache/compiled.php(1497): Illuminate\Container\Container->getDependencies(Array, Array)
#7 /home/vagrant/Code/blog/bootstrap/cache/compiled.php(1433): Illuminate\Container\Container->build('App\\Http\\Middle...', Array)
#8 /home/vagrant/Code/blog/bootstrap/cache/compiled.php(2011): Illuminate\Container\Container->make('App\\Http\\Middle...', Array)
#9 /home/vagrant/Code/blog/bootstrap/cache/compiled.php(2529): Illuminate\Foundation\Application->make('App\\Http\\Middle...')
#10 /home/vagrant/Code/blog/public/index.php(58): Illuminate\Foundation\Http\Kernel->terminate(Object(Illuminate\Http\Request), Object(Illuminate\Http\Response))
#11 {main}  
[2017-01-24 22:28:40] production.ERROR: RuntimeException: The only supported ciphers are AES-128-CBC and AES-256-CBC with the correct key lengths. in /home/vagrant/Code/blog/bootstrap/cache/compiled.php:13496
Stack trace:
#0 /home/vagrant/Code/blog/bootstrap/cache/compiled.php(7910): Illuminate\Encryption\Encrypter->__construct('', 'AES-256-CBC')
#1 /home/vagrant/Code/blog/bootstrap/cache/compiled.php(1477): Illuminate\Encryption\EncryptionServiceProvider->Illuminate\Encryption\{closure}(Object(Illuminate\Foundation\Application), Array)
#2 /home/vagrant/Code/blog/bootstrap/cache/compiled.php(1433): Illuminate\Container\Container->build(Object(Closure), Array)
#3 /home/vagrant/Code/blog/bootstrap/cache/compiled.php(2011): Illuminate\Container\Container->make('encrypter', Array)
#4 /home/vagrant/Code/blog/bootstrap/cache/compiled.php(1534): Illuminate\Foundation\Application->make('encrypter')
#5 /home/vagrant/Code/blog/bootstrap/cache/compiled.php(1511): Illuminate\Container\Container->resolveClass(Object(ReflectionParameter))
#6 /home/vagrant/Code/blog/bootstrap/cache/compiled.php(1497): Illuminate\Container\Container->getDependencies(Array, Array)
#7 /home/vagrant/Code/blog/bootstrap/cache/compiled.php(1433): Illuminate\Container\Container->build('App\\Http\\Middle...', Array)
#8 /home/vagrant/Code/blog/bootstrap/cache/compiled.php(2011): Illuminate\Container\Container->make('App\\Http\\Middle...', Array)
#9 /home/vagrant/Code/blog/bootstrap/cache/compiled.php(10047): Illuminate\Foundation\Application->make('App\\Http\\Middle...')
#10 /home/vagrant/Code/blog/vendor/laravel/framework/src/Illuminate/Routing/Pipeline.php(33): Illuminate\Pipeline\Pipeline->Illuminate\Pipeline\{closure}(Object(Illuminate\Http\Request))
#11 /home/vagrant/Code/blog/bootstrap/cache/compiled.php(10037): Illuminate\Routing\Pipeline->Illuminate\Routing\{closure}(Object(Illuminate\Http\Request))
#12 /home/vagrant/Code/blog/bootstrap/cache/compiled.php(8339): Illuminate\Pipeline\Pipeline->then(Object(Closure))
#13 /home/vagrant/Code/blog/bootstrap/cache/compiled.php(8330): Illuminate\Routing\Router->runRouteWithinStack(Object(Illuminate\Routing\Route), Object(Illuminate\Http\Request))
#14 /home/vagrant/Code/blog/bootstrap/cache/compiled.php(8321): Illuminate\Routing\Router->dispatchToRoute(Object(Illuminate\Http\Request))
#15 /home/vagrant/Code/blog/bootstrap/cache/compiled.php(2575): Illuminate\Routing\Router->dispatch(Object(Illuminate\Http\Request))
#16 /home/vagrant/Code/blog/vendor/laravel/framework/src/Illuminate/Routing/Pipeline.php(53): Illuminate\Foundation\Http\Kernel->Illuminate\Foundation\Http\{closure}(Object(Illuminate\Http\Request))
#17 /home/vagrant/Code/blog/bootstrap/cache/compiled.php(3371): Illuminate\Routing\Pipeline->Illuminate\Routing\{closure}(Object(Illuminate\Http\Request))
#18 /home/vagrant/Code/blog/bootstrap/cache/compiled.php(10052): Illuminate\Foundation\Http\Middleware\CheckForMaintenanceMode->handle(Object(Illuminate\Http\Request), Object(Closure))
#19 /home/vagrant/Code/blog/vendor/laravel/framework/src/Illuminate/Routing/Pipeline.php(33): Illuminate\Pipeline\Pipeline->Illuminate\Pipeline\{closure}(Object(Illuminate\Http\Request))
#20 /home/vagrant/Code/blog/bootstrap/cache/compiled.php(10037): Illuminate\Routing\Pipeline->Illuminate\Routing\{closure}(Object(Illuminate\Http\Request))
#21 /home/vagrant/Code/blog/bootstrap/cache/compiled.php(2519): Illuminate\Pipeline\Pipeline->then(Object(Closure))
#22 /home/vagrant/Code/blog/bootstrap/cache/compiled.php(2503): Illuminate\Foundation\Http\Kernel->sendRequestThroughRouter(Object(Illuminate\Http\Request))
#23 /home/vagrant/Code/blog/public/index.php(53): Illuminate\Foundation\Http\Kernel->handle(Object(Illuminate\Http\Request))
#24 {main}  
[2017-01-24 22:28:40] production.ERROR: RuntimeException: The only supported ciphers are AES-128-CBC and AES-256-CBC with the correct key lengths. in /home/vagrant/Code/blog/bootstrap/cache/compiled.php:13496
Stack trace:
#0 /home/vagrant/Code/blog/bootstrap/cache/compiled.php(7910): Illuminate\Encryption\Encrypter->__construct('', 'AES-256-CBC')
#1 /home/vagrant/Code/blog/bootstrap/cache/compiled.php(1477): Illuminate\Encryption\EncryptionServiceProvider->Illuminate\Encryption\{closure}(Object(Illuminate\Foundation\Application), Array)
#2 /home/vagrant/Code/blog/bootstrap/cache/compiled.php(1433): Illuminate\Container\Container->build(Object(Closure), Array)
#3 /home/vagrant/Code/blog/bootstrap/cache/compiled.php(2011): Illuminate\Container\Container->make('encrypter', Array)
#4 /home/vagrant/Code/blog/bootstrap/cache/compiled.php(1534): Illuminate\Foundation\Application->make('encrypter')
#5 /home/vagrant/Code/blog/bootstrap/cache/compiled.php(1511): Illuminate\Container\Container->resolveClass(Object(ReflectionParameter))
#6 /home/vagrant/Code/blog/bootstrap/cache/compiled.php(1497): Illuminate\Container\Container->getDependencies(Array, Array)
#7 /home/vagrant/Code/blog/bootstrap/cache/compiled.php(1433): Illuminate\Container\Container->build('App\\Http\\Middle...', Array)
#8 /home/vagrant/Code/blog/bootstrap/cache/compiled.php(2011): Illuminate\Container\Container->make('App\\Http\\Middle...', Array)
#9 /home/vagrant/Code/blog/bootstrap/cache/compiled.php(2529): Illuminate\Foundation\Application->make('App\\Http\\Middle...')
#10 /home/vagrant/Code/blog/public/index.php(58): Illuminate\Foundation\Http\Kernel->terminate(Object(Illuminate\Http\Request), Object(Illuminate\Http\Response))
#11 {main}  
[2017-01-24 22:31:44] production.ERROR: RuntimeException: The only supported ciphers are AES-128-CBC and AES-256-CBC with the correct key lengths. in /home/vagrant/Code/blog/bootstrap/cache/compiled.php:13496
Stack trace:
#0 /home/vagrant/Code/blog/bootstrap/cache/compiled.php(7910): Illuminate\Encryption\Encrypter->__construct('', 'AES-256-CBC')
#1 /home/vagrant/Code/blog/bootstrap/cache/compiled.php(1477): Illuminate\Encryption\EncryptionServiceProvider->Illuminate\Encryption\{closure}(Object(Illuminate\Foundation\Application), Array)
#2 /home/vagrant/Code/blog/bootstrap/cache/compiled.php(1433): Illuminate\Container\Container->build(Object(Closure), Array)
#3 /home/vagrant/Code/blog/bootstrap/cache/compiled.php(2011): Illuminate\Container\Container->make('encrypter', Array)
#4 /home/vagrant/Code/blog/bootstrap/cache/compiled.php(1534): Illuminate\Foundation\Application->make('encrypter')
#5 /home/vagrant/Code/blog/bootstrap/cache/compiled.php(1511): Illuminate\Container\Container->resolveClass(Object(ReflectionParameter))
#6 /home/vagrant/Code/blog/bootstrap/cache/compiled.php(1497): Illuminate\Container\Container->getDependencies(Array, Array)
#7 /home/vagrant/Code/blog/bootstrap/cache/compiled.php(1433): Illuminate\Container\Container->build('App\\Http\\Middle...', Array)
#8 /home/vagrant/Code/blog/bootstrap/cache/compiled.php(2011): Illuminate\Container\Container->make('App\\Http\\Middle...', Array)
#9 /home/vagrant/Code/blog/bootstrap/cache/compiled.php(10047): Illuminate\Foundation\Application->make('App\\Http\\Middle...')
#10 /home/vagrant/Code/blog/vendor/laravel/framework/src/Illuminate/Routing/Pipeline.php(33): Illuminate\Pipeline\Pipeline->Illuminate\Pipeline\{closure}(Object(Illuminate\Http\Request))
#11 /home/vagrant/Code/blog/bootstrap/cache/compiled.php(10037): Illuminate\Routing\Pipeline->Illuminate\Routing\{closure}(Object(Illuminate\Http\Request))
#12 /home/vagrant/Code/blog/bootstrap/cache/compiled.php(8339): Illuminate\Pipeline\Pipeline->then(Object(Closure))
#13 /home/vagrant/Code/blog/bootstrap/cache/compiled.php(8330): Illuminate\Routing\Router->runRouteWithinStack(Object(Illuminate\Routing\Route), Object(Illuminate\Http\Request))
#14 /home/vagrant/Code/blog/bootstrap/cache/compiled.php(8321): Illuminate\Routing\Router->dispatchToRoute(Object(Illuminate\Http\Request))
#15 /home/vagrant/Code/blog/bootstrap/cache/compiled.php(2575): Illuminate\Routing\Router->dispatch(Object(Illuminate\Http\Request))
#16 /home/vagrant/Code/blog/vendor/laravel/framework/src/Illuminate/Routing/Pipeline.php(53): Illuminate\Foundation\Http\Kernel->Illuminate\Foundation\Http\{closure}(Object(Illuminate\Http\Request))
#17 /home/vagrant/Code/blog/bootstrap/cache/compiled.php(3371): Illuminate\Routing\Pipeline->Illuminate\Routing\{closure}(Object(Illuminate\Http\Request))
#18 /home/vagrant/Code/blog/bootstrap/cache/compiled.php(10052): Illuminate\Foundation\Http\Middleware\CheckForMaintenanceMode->handle(Object(Illuminate\Http\Request), Object(Closure))
#19 /home/vagrant/Code/blog/vendor/laravel/framework/src/Illuminate/Routing/Pipeline.php(33): Illuminate\Pipeline\Pipeline->Illuminate\Pipeline\{closure}(Object(Illuminate\Http\Request))
#20 /home/vagrant/Code/blog/bootstrap/cache/compiled.php(10037): Illuminate\Routing\Pipeline->Illuminate\Routing\{closure}(Object(Illuminate\Http\Request))
#21 /home/vagrant/Code/blog/bootstrap/cache/compiled.php(2519): Illuminate\Pipeline\Pipeline->then(Object(Closure))
#22 /home/vagrant/Code/blog/bootstrap/cache/compiled.php(2503): Illuminate\Foundation\Http\Kernel->sendRequestThroughRouter(Object(Illuminate\Http\Request))
#23 /home/vagrant/Code/blog/public/index.php(53): Illuminate\Foundation\Http\Kernel->handle(Object(Illuminate\Http\Request))
#24 {main}  
[2017-01-24 22:31:44] production.ERROR: RuntimeException: The only supported ciphers are AES-128-CBC and AES-256-CBC with the correct key lengths. in /home/vagrant/Code/blog/bootstrap/cache/compiled.php:13496
Stack trace:
#0 /home/vagrant/Code/blog/bootstrap/cache/compiled.php(7910): Illuminate\Encryption\Encrypter->__construct('', 'AES-256-CBC')
#1 /home/vagrant/Code/blog/bootstrap/cache/compiled.php(1477): Illuminate\Encryption\EncryptionServiceProvider->Illuminate\Encryption\{closure}(Object(Illuminate\Foundation\Application), Array)
#2 /home/vagrant/Code/blog/bootstrap/cache/compiled.php(1433): Illuminate\Container\Container->build(Object(Closure), Array)
#3 /home/vagrant/Code/blog/bootstrap/cache/compiled.php(2011): Illuminate\Container\Container->make('encrypter', Array)
#4 /home/vagrant/Code/blog/bootstrap/cache/compiled.php(1534): Illuminate\Foundation\Application->make('encrypter')
#5 /home/vagrant/Code/blog/bootstrap/cache/compiled.php(1511): Illuminate\Container\Container->resolveClass(Object(ReflectionParameter))
#6 /home/vagrant/Code/blog/bootstrap/cache/compiled.php(1497): Illuminate\Container\Container->getDependencies(Array, Array)
#7 /home/vagrant/Code/blog/bootstrap/cache/compiled.php(1433): Illuminate\Container\Container->build('App\\Http\\Middle...', Array)
#8 /home/vagrant/Code/blog/bootstrap/cache/compiled.php(2011): Illuminate\Container\Container->make('App\\Http\\Middle...', Array)
#9 /home/vagrant/Code/blog/bootstrap/cache/compiled.php(2529): Illuminate\Foundation\Application->make('App\\Http\\Middle...')
#10 /home/vagrant/Code/blog/public/index.php(58): Illuminate\Foundation\Http\Kernel->terminate(Object(Illuminate\Http\Request), Object(Illuminate\Http\Response))
#11 {main}  
[2017-01-24 22:32:00] production.ERROR: RuntimeException: The only supported ciphers are AES-128-CBC and AES-256-CBC with the correct key lengths. in /home/vagrant/Code/blog/bootstrap/cache/compiled.php:13496
Stack trace:
#0 /home/vagrant/Code/blog/bootstrap/cache/compiled.php(7910): Illuminate\Encryption\Encrypter->__construct('', 'AES-256-CBC')
#1 /home/vagrant/Code/blog/bootstrap/cache/compiled.php(1477): Illuminate\Encryption\EncryptionServiceProvider->Illuminate\Encryption\{closure}(Object(Illuminate\Foundation\Application), Array)
#2 /home/vagrant/Code/blog/bootstrap/cache/compiled.php(1433): Illuminate\Container\Container->build(Object(Closure), Array)
#3 /home/vagrant/Code/blog/bootstrap/cache/compiled.php(2011): Illuminate\Container\Container->make('encrypter', Array)
#4 /home/vagrant/Code/blog/bootstrap/cache/compiled.php(1534): Illuminate\Foundation\Application->make('encrypter')
#5 /home/vagrant/Code/blog/bootstrap/cache/compiled.php(1511): Illuminate\Container\Container->resolveClass(Object(ReflectionParameter))
#6 /home/vagrant/Code/blog/bootstrap/cache/compiled.php(1497): Illuminate\Container\Container->getDependencies(Array, Array)
#7 /home/vagrant/Code/blog/bootstrap/cache/compiled.php(1433): Illuminate\Container\Container->build('App\\Http\\Middle...', Array)
#8 /home/vagrant/Code/blog/bootstrap/cache/compiled.php(2011): Illuminate\Container\Container->make('App\\Http\\Middle...', Array)
#9 /home/vagrant/Code/blog/bootstrap/cache/compiled.php(10047): Illuminate\Foundation\Application->make('App\\Http\\Middle...')
#10 /home/vagrant/Code/blog/vendor/laravel/framework/src/Illuminate/Routing/Pipeline.php(33): Illuminate\Pipeline\Pipeline->Illuminate\Pipeline\{closure}(Object(Illuminate\Http\Request))
#11 /home/vagrant/Code/blog/bootstrap/cache/compiled.php(10037): Illuminate\Routing\Pipeline->Illuminate\Routing\{closure}(Object(Illuminate\Http\Request))
#12 /home/vagrant/Code/blog/bootstrap/cache/compiled.php(8339): Illuminate\Pipeline\Pipeline->then(Object(Closure))
#13 /home/vagrant/Code/blog/bootstrap/cache/compiled.php(8330): Illuminate\Routing\Router->runRouteWithinStack(Object(Illuminate\Routing\Route), Object(Illuminate\Http\Request))
#14 /home/vagrant/Code/blog/bootstrap/cache/compiled.php(8321): Illuminate\Routing\Router->dispatchToRoute(Object(Illuminate\Http\Request))
#15 /home/vagrant/Code/blog/bootstrap/cache/compiled.php(2575): Illuminate\Routing\Router->dispatch(Object(Illuminate\Http\Request))
#16 /home/vagrant/Code/blog/vendor/laravel/framework/src/Illuminate/Routing/Pipeline.php(53): Illuminate\Foundation\Http\Kernel->Illuminate\Foundation\Http\{closure}(Object(Illuminate\Http\Request))
#17 /home/vagrant/Code/blog/bootstrap/cache/compiled.php(3371): Illuminate\Routing\Pipeline->Illuminate\Routing\{closure}(Object(Illuminate\Http\Request))
#18 /home/vagrant/Code/blog/bootstrap/cache/compiled.php(10052): Illuminate\Foundation\Http\Middleware\CheckForMaintenanceMode->handle(Object(Illuminate\Http\Request), Object(Closure))
#19 /home/vagrant/Code/blog/vendor/laravel/framework/src/Illuminate/Routing/Pipeline.php(33): Illuminate\Pipeline\Pipeline->Illuminate\Pipeline\{closure}(Object(Illuminate\Http\Request))
#20 /home/vagrant/Code/blog/bootstrap/cache/compiled.php(10037): Illuminate\Routing\Pipeline->Illuminate\Routing\{closure}(Object(Illuminate\Http\Request))
#21 /home/vagrant/Code/blog/bootstrap/cache/compiled.php(2519): Illuminate\Pipeline\Pipeline->then(Object(Closure))
#22 /home/vagrant/Code/blog/bootstrap/cache/compiled.php(2503): Illuminate\Foundation\Http\Kernel->sendRequestThroughRouter(Object(Illuminate\Http\Request))
#23 /home/vagrant/Code/blog/public/index.php(53): Illuminate\Foundation\Http\Kernel->handle(Object(Illuminate\Http\Request))
#24 {main}  
[2017-01-24 22:32:00] production.ERROR: RuntimeException: The only supported ciphers are AES-128-CBC and AES-256-CBC with the correct key lengths. in /home/vagrant/Code/blog/bootstrap/cache/compiled.php:13496
Stack trace:
#0 /home/vagrant/Code/blog/bootstrap/cache/compiled.php(7910): Illuminate\Encryption\Encrypter->__construct('', 'AES-256-CBC')
#1 /home/vagrant/Code/blog/bootstrap/cache/compiled.php(1477): Illuminate\Encryption\EncryptionServiceProvider->Illuminate\Encryption\{closure}(Object(Illuminate\Foundation\Application), Array)
#2 /home/vagrant/Code/blog/bootstrap/cache/compiled.php(1433): Illuminate\Container\Container->build(Object(Closure), Array)
#3 /home/vagrant/Code/blog/bootstrap/cache/compiled.php(2011): Illuminate\Container\Container->make('encrypter', Array)
#4 /home/vagrant/Code/blog/bootstrap/cache/compiled.php(1534): Illuminate\Foundation\Application->make('encrypter')
#5 /home/vagrant/Code/blog/bootstrap/cache/compiled.php(1511): Illuminate\Container\Container->resolveClass(Object(ReflectionParameter))
#6 /home/vagrant/Code/blog/bootstrap/cache/compiled.php(1497): Illuminate\Container\Container->getDependencies(Array, Array)
#7 /home/vagrant/Code/blog/bootstrap/cache/compiled.php(1433): Illuminate\Container\Container->build('App\\Http\\Middle...', Array)
#8 /home/vagrant/Code/blog/bootstrap/cache/compiled.php(2011): Illuminate\Container\Container->make('App\\Http\\Middle...', Array)
#9 /home/vagrant/Code/blog/bootstrap/cache/compiled.php(2529): Illuminate\Foundation\Application->make('App\\Http\\Middle...')
#10 /home/vagrant/Code/blog/public/index.php(58): Illuminate\Foundation\Http\Kernel->terminate(Object(Illuminate\Http\Request), Object(Illuminate\Http\Response))
#11 {main}  
[2017-01-24 22:34:08] production.ERROR: ErrorException: file_get_contents(/home/vagrant/Code/blog/.env): failed to open stream: No such file or directory in /home/vagrant/Code/blog/vendor/laravel/framework/src/Illuminate/Foundation/Console/KeyGenerateCommand.php:57
Stack trace:
#0 [internal function]: Illuminate\Foundation\Bootstrap\HandleExceptions->handleError(2, 'file_get_conten...', '/home/vagrant/C...', 57, Array)
#1 /home/vagrant/Code/blog/vendor/laravel/framework/src/Illuminate/Foundation/Console/KeyGenerateCommand.php(57): file_get_contents('/home/vagrant/C...')
#2 /home/vagrant/Code/blog/vendor/laravel/framework/src/Illuminate/Foundation/Console/KeyGenerateCommand.php(39): Illuminate\Foundation\Console\KeyGenerateCommand->setKeyInEnvironmentFile('base64:k4InNQPB...')
#3 [internal function]: Illuminate\Foundation\Console\KeyGenerateCommand->fire()
#4 /home/vagrant/Code/blog/bootstrap/cache/compiled.php(1375): call_user_func_array(Array, Array)
#5 /home/vagrant/Code/blog/vendor/laravel/framework/src/Illuminate/Console/Command.php(169): Illuminate\Container\Container->call(Array)
#6 /home/vagrant/Code/blog/vendor/symfony/console/Command/Command.php(254): Illuminate\Console\Command->execute(Object(Symfony\Component\Console\Input\ArgvInput), Object(Symfony\Component\Console\Output\ConsoleOutput))
#7 /home/vagrant/Code/blog/vendor/laravel/framework/src/Illuminate/Console/Command.php(155): Symfony\Component\Console\Command\Command->run(Object(Symfony\Component\Console\Input\ArgvInput), Object(Symfony\Component\Console\Output\ConsoleOutput))
#8 /home/vagrant/Code/blog/vendor/symfony/console/Application.php(821): Illuminate\Console\Command->run(Object(Symfony\Component\Console\Input\ArgvInput), Object(Symfony\Component\Console\Output\ConsoleOutput))
#9 /home/vagrant/Code/blog/vendor/symfony/console/Application.php(187): Symfony\Component\Console\Application->doRunCommand(Object(Illuminate\Foundation\Console\KeyGenerateCommand), Object(Symfony\Component\Console\Input\ArgvInput), Object(Symfony\Component\Console\Output\ConsoleOutput))
#10 /home/vagrant/Code/blog/vendor/symfony/console/Application.php(118): Symfony\Component\Console\Application->doRun(Object(Symfony\Component\Console\Input\ArgvInput), Object(Symfony\Component\Console\Output\ConsoleOutput))
#11 /home/vagrant/Code/blog/vendor/laravel/framework/src/Illuminate/Foundation/Console/Kernel.php(121): Symfony\Component\Console\Application->run(Object(Symfony\Component\Console\Input\ArgvInput), Object(Symfony\Component\Console\Output\ConsoleOutput))
#12 /home/vagrant/Code/blog/artisan(35): Illuminate\Foundation\Console\Kernel->handle(Object(Symfony\Component\Console\Input\ArgvInput), Object(Symfony\Component\Console\Output\ConsoleOutput))
#13 {main}  
